<?xml version="1.0" encoding="UTF-8"?>
<!-- Generated by org.testng.reporters.JUnitXMLReporter -->
<testsuite ignored="0" hostname="DESKTOP-I11OTUK" failures="1" tests="1" name="AutomationPackage" time="0.673" errors="0" timestamp="2024-02-08T14:15:28 IST">
  <testcase classname="io.cucumber.testng.AbstractTestNGCucumberTests" name="runScenario" time="0.147">
    <failure type="java.lang.NullPointerException" message="Cannot invoke &amp;quot;java.util.Properties.getProperty(String)&amp;quot; because &amp;quot;stepDefinition.steps.prop&amp;quot; is null">
      <![CDATA[java.lang.NullPointerException: Cannot invoke "java.util.Properties.getProperty(String)" because "stepDefinition.steps.prop" is null
at stepDefinition.steps.BrowserInitialize(steps.java:32)
]]>
    </failure>
  </testcase> <!-- runScenario -->
</testsuite> <!-- AutomationPackage -->
