<?xml version="1.0" encoding="UTF-8"?>
<testng-results ignored="0" total="0" passed="0" failed="0" skipped="0">
  <reporter-output>
  </reporter-output>
  <suite started-at="2024-01-31T13:09:45 IST" name="Suite" finished-at="2024-01-31T13:09:45 IST" duration-ms="27">
    <groups>
    </groups>
    <test started-at="2024-01-31T13:09:45 IST" name="AutomationPackage" finished-at="2024-01-31T13:09:45 IST" duration-ms="27">
    </test> <!-- AutomationPackage -->
  </suite> <!-- Suite -->
</testng-results>
