<?xml version="1.0" encoding="UTF-8"?>
<testng-results ignored="0" total="1" passed="1" failed="0" skipped="0">
  <reporter-output>
  </reporter-output>
  <suite started-at="2024-02-10T14:15:30 IST" name="Regression" finished-at="2024-02-10T14:16:07 IST" duration-ms="36266">
    <groups>
      <group name="cucumber">
        <method signature="AbstractTestNGCucumberTests.runScenario(io.cucumber.testng.PickleWrapper,io.cucumber.testng.FeatureWrapper)[pri:0, instance:testRunner.Runner@6c64cb25]" name="runScenario" class="io.cucumber.testng.AbstractTestNGCucumberTests"/>
      </group> <!-- cucumber -->
    </groups>
    <test started-at="2024-02-10T14:15:30 IST" name="AutomationPackage" finished-at="2024-02-10T14:16:07 IST" duration-ms="36266">
      <class name="testRunner.Runner">
        <test-method is-config="true" signature="setUpClass(org.testng.ITestContext)[pri:0, instance:testRunner.Runner@6c64cb25]" started-at="2024-02-10T14:15:31 IST" name="setUpClass" finished-at="2024-02-10T14:15:31 IST" duration-ms="744" status="PASS">
          <params>
            <param index="0">
              <value>
                <![CDATA[org.testng.TestRunner@255e5e2e]]>
              </value>
            </param>
          </params>
          <reporter-output>
          </reporter-output>
        </test-method> <!-- setUpClass -->
        <test-method signature="runScenario(io.cucumber.testng.PickleWrapper,io.cucumber.testng.FeatureWrapper)[pri:0, instance:testRunner.Runner@6c64cb25]" started-at="2024-02-10T14:15:31 IST" name="runScenario" description="Runs Cucumber Scenarios" data-provider="scenarios" finished-at="2024-02-10T14:16:07 IST" duration-ms="35428" status="PASS">
          <params>
            <param index="0">
              <value>
                <![CDATA["login to flipkart application"]]>
              </value>
            </param>
            <param index="1">
              <value>
                <![CDATA["login to flipkart"]]>
              </value>
            </param>
          </params>
          <reporter-output>
          </reporter-output>
        </test-method> <!-- runScenario -->
        <test-method is-config="true" signature="tearDownClass()[pri:0, instance:testRunner.Runner@6c64cb25]" started-at="2024-02-10T14:16:07 IST" name="tearDownClass" finished-at="2024-02-10T14:16:07 IST" duration-ms="4" status="PASS">
          <reporter-output>
          </reporter-output>
        </test-method> <!-- tearDownClass -->
      </class> <!-- testRunner.Runner -->
    </test> <!-- AutomationPackage -->
  </suite> <!-- Regression -->
</testng-results>
