-------------------------------------------------------------------------------
Test set: TestSuite
-------------------------------------------------------------------------------
Tests run: 1, Failures: 1, Errors: 0, Skipped: 0, Time elapsed: 2.426 s <<< FAILURE! -- in TestSuite
testRunner.Runner.runScenario["login to flipkart application", "login to flipkart"](1) -- Time elapsed: 0.153 s <<< FAILURE!
java.lang.NullPointerException: Cannot invoke "java.util.Properties.getProperty(String)" because "stepDefinition.steps.prop" is null
	at stepDefinition.steps.BrowserInitialize(steps.java:32)

