<?xml version="1.0" encoding="UTF-8"?>
<testng-results ignored="0" total="1" passed="1" failed="0" skipped="0">
  <reporter-output>
  </reporter-output>
  <suite started-at="2024-02-06T15:26:10 IST" name="Default suite" finished-at="2024-02-06T15:26:30 IST" duration-ms="19972">
    <groups>
      <group name="cucumber">
        <method signature="AbstractTestNGCucumberTests.runScenario(io.cucumber.testng.PickleWrapper,io.cucumber.testng.FeatureWrapper)[pri:0, instance:testRunner.Runner@54422e18]" name="runScenario" class="io.cucumber.testng.AbstractTestNGCucumberTests"/>
      </group> <!-- cucumber -->
    </groups>
    <test started-at="2024-02-06T15:26:10 IST" name="Default test" finished-at="2024-02-06T15:26:30 IST" duration-ms="19972">
      <class name="testRunner.Runner">
        <test-method is-config="true" signature="setUpClass(org.testng.ITestContext)[pri:0, instance:testRunner.Runner@54422e18]" started-at="2024-02-06T15:26:10 IST" name="setUpClass" finished-at="2024-02-06T15:26:11 IST" duration-ms="1025" status="PASS">
          <params>
            <param index="0">
              <value>
                <![CDATA[org.testng.TestRunner@3f672204]]>
              </value>
            </param>
          </params>
          <reporter-output>
          </reporter-output>
        </test-method> <!-- setUpClass -->
        <test-method signature="runScenario(io.cucumber.testng.PickleWrapper,io.cucumber.testng.FeatureWrapper)[pri:0, instance:testRunner.Runner@54422e18]" started-at="2024-02-06T15:26:11 IST" name="runScenario" description="Runs Cucumber Scenarios" data-provider="scenarios" finished-at="2024-02-06T15:26:30 IST" duration-ms="18789" status="PASS">
          <params>
            <param index="0">
              <value>
                <![CDATA["login to flipkart application"]]>
              </value>
            </param>
            <param index="1">
              <value>
                <![CDATA["login to flipkart"]]>
              </value>
            </param>
          </params>
          <reporter-output>
          </reporter-output>
        </test-method> <!-- runScenario -->
        <test-method is-config="true" signature="tearDownClass()[pri:0, instance:testRunner.Runner@54422e18]" started-at="2024-02-06T15:26:30 IST" name="tearDownClass" finished-at="2024-02-06T15:26:30 IST" duration-ms="14" status="PASS">
          <reporter-output>
          </reporter-output>
        </test-method> <!-- tearDownClass -->
      </class> <!-- testRunner.Runner -->
    </test> <!-- Default test -->
  </suite> <!-- Default suite -->
</testng-results>
